<?xml version="1.0" encoding="UTF-8"?>
<!-- Generated by org.testng.reporters.JUnitXMLReporter -->
<testsuite ignored="1" hostname="LAPTOP-NTNOL46I" failures="0" tests="4" name="Login Tests" time="18.762" errors="0" timestamp="2024-08-08T16:31:56 IST">
  <testcase classname="Tests.SubmitOrderTest" name="submitOrder" time="2.9"/>
  <testcase classname="Tests.SubmitOrderTest" name="submitOrder" time="2.857"/>
  <testcase classname="Tests.VerifyErrorMessage" name="VerifyIncorrectEmailTest" time="0.901"/>
  <testcase classname="Tests.SubmitOrderTest" name="OrderHistroryTest" time="0.566"/>
  <testcase classname="TestComponents.BaseTest" name="@BeforeTest Config" time="0.0">
    <ignored/>
  </testcase> <!-- @BeforeTest Config -->
</testsuite> <!-- Login Tests -->
