<?xml version="1.0" encoding="UTF-8"?>
<!-- Generated by org.testng.reporters.JUnitXMLReporter -->
<testsuite ignored="0" hostname="LAPTOP-NTNOL46I" failures="0" tests="3" name="Submit order test" time="13.627" errors="0" timestamp="2024-08-08T16:19:51 IST">
  <testcase classname="Tests.SubmitOrderTest" name="submitOrder" time="2.78"/>
  <testcase classname="Tests.SubmitOrderTest" name="submitOrder" time="2.823"/>
  <testcase classname="Tests.SubmitOrderTest" name="OrderHistroryTest" time="0.46"/>
</testsuite> <!-- Submit order test -->
