<?xml version="1.0" encoding="UTF-8"?>
<!-- Generated by org.testng.reporters.JUnitXMLReporter -->
<testsuite ignored="0" hostname="LAPTOP-NTNOL46I" failures="0" tests="3" name="Submit order test" time="15.178" errors="0" timestamp="2024-08-08T15:40:10 IST">
  <testcase classname="Tests.SubmitOrderTest" name="submitOrder" time="3.454"/>
  <testcase classname="Tests.SubmitOrderTest" name="submitOrder" time="2.654"/>
  <testcase classname="Tests.SubmitOrderTest" name="OrderHistroryTest" time="0.558"/>
</testsuite> <!-- Submit order test -->
