<?xml version="1.0" encoding="UTF-8"?>
<testng-results ignored="0" total="1" passed="1" failed="0" skipped="0">
  <reporter-output>
  </reporter-output>
  <suite started-at="2024-08-09T16:42:24 IST" name="Suite" finished-at="2024-08-09T16:42:28 IST" duration-ms="3577">
    <groups>
      <group name="ErrorHandling">
        <method signature="VerifyErrorMessage.VerifyIncorrectEmailTest()[pri:0, instance:Tests.VerifyErrorMessage@41d477ed]" name="VerifyIncorrectEmailTest" class="Tests.VerifyErrorMessage"/>
      </group> <!-- ErrorHandling -->
      <group name="LoginTests">
        <method signature="VerifyErrorMessage.VerifyIncorrectEmailTest()[pri:0, instance:Tests.VerifyErrorMessage@41d477ed]" name="VerifyIncorrectEmailTest" class="Tests.VerifyErrorMessage"/>
      </group> <!-- LoginTests -->
    </groups>
    <test started-at="2024-08-09T16:42:24 IST" name="Verify error message" finished-at="2024-08-09T16:42:28 IST" duration-ms="3577">
      <class name="Tests.VerifyErrorMessage">
        <test-method is-config="true" signature="LaunchApplication()[pri:0, instance:Tests.VerifyErrorMessage@41d477ed]" started-at="2024-08-09T16:42:24 IST" name="LaunchApplication" finished-at="2024-08-09T16:42:27 IST" duration-ms="3198" status="PASS">
          <reporter-output>
          </reporter-output>
        </test-method> <!-- LaunchApplication -->
        <test-method signature="VerifyIncorrectEmailTest()[pri:0, instance:Tests.VerifyErrorMessage@41d477ed]" started-at="2024-08-09T16:42:27 IST" name="VerifyIncorrectEmailTest" finished-at="2024-08-09T16:42:28 IST" duration-ms="348" status="PASS">
          <reporter-output>
          </reporter-output>
        </test-method> <!-- VerifyIncorrectEmailTest -->
      </class> <!-- Tests.VerifyErrorMessage -->
    </test> <!-- Verify error message -->
  </suite> <!-- Suite -->
</testng-results>
