<?xml version="1.0" encoding="UTF-8"?>
<testng-results ignored="0" total="1" passed="1" failed="0" skipped="0">
  <reporter-output>
  </reporter-output>
  <suite started-at="2024-08-09T16:43:16 IST" name="Default suite" finished-at="2024-08-09T16:43:22 IST" duration-ms="6141">
    <groups>
      <group name="cucumber">
        <method signature="AbstractTestNGCucumberTests.runScenario(io.cucumber.testng.PickleWrapper,io.cucumber.testng.FeatureWrapper)[pri:0, instance:Cucumber.TestNGTestRunner@2e3967ea]" name="runScenario" class="io.cucumber.testng.AbstractTestNGCucumberTests"/>
      </group> <!-- cucumber -->
    </groups>
    <test started-at="2024-08-09T16:43:16 IST" name="Default test" finished-at="2024-08-09T16:43:22 IST" duration-ms="6141">
      <class name="Cucumber.TestNGTestRunner">
        <test-method is-config="true" signature="setUpClass(org.testng.ITestContext)[pri:0, instance:Cucumber.TestNGTestRunner@2e3967ea]" started-at="2024-08-09T16:43:16 IST" name="setUpClass" finished-at="2024-08-09T16:43:16 IST" duration-ms="518" status="PASS">
          <params>
            <param index="0">
              <value>
                <![CDATA[org.testng.TestRunner@2e179f3e]]>
              </value>
            </param>
          </params>
          <reporter-output>
          </reporter-output>
        </test-method> <!-- setUpClass -->
        <test-method signature="runScenario(io.cucumber.testng.PickleWrapper,io.cucumber.testng.FeatureWrapper)[pri:0, instance:Cucumber.TestNGTestRunner@2e3967ea]" started-at="2024-08-09T16:43:16 IST" name="runScenario" description="Runs Cucumber Scenarios" data-provider="scenarios" finished-at="2024-08-09T16:43:22 IST" duration-ms="5565" status="PASS">
          <params>
            <param index="0">
              <value>
                <![CDATA["Submitting order"]]>
              </value>
            </param>
            <param index="1">
              <value>
                <![CDATA["Purchase order from ecommerse website"]]>
              </value>
            </param>
          </params>
          <reporter-output>
          </reporter-output>
        </test-method> <!-- runScenario -->
        <test-method is-config="true" signature="tearDownClass()[pri:0, instance:Cucumber.TestNGTestRunner@2e3967ea]" started-at="2024-08-09T16:43:22 IST" name="tearDownClass" finished-at="2024-08-09T16:43:22 IST" duration-ms="36" status="PASS">
          <reporter-output>
          </reporter-output>
        </test-method> <!-- tearDownClass -->
      </class> <!-- Cucumber.TestNGTestRunner -->
    </test> <!-- Default test -->
  </suite> <!-- Default suite -->
</testng-results>
